生成启动时间为 2014/12/10 13:57:12。
     1>项目“D:\Update\DuiLib\DuiLib.vcxproj”在节点 3 上(build 个目标)。
     1>C:\Program Files\MSBuild\Microsoft.Cpp\v4.0\Microsoft.CppBuild.targets(299,5): warning MSB8004: Output 目录未以斜杠结尾。此生成实例将添加斜杠，因为必须有这个斜杠才能正确计算 Output 目录。
     1>InitializeBuildStatus:
         正在创建“.\Build\Release_u\DuiLib.unsuccessfulbuild”，因为已指定“AlwaysCreate”。
       ClCompile:
         C:\Program Files\Microsoft Visual Studio 10.0\VC\bin\CL.exe /c /Zi /nologo /W3 /WX- /O1 /Ob1 /Oy- /D WIN32 /D NDEBUG /D _WINDOWS /D UILIB_EXPORTS /D _VC80_UPGRADE=0x0600 /D _UNICODE /D UNICODE /GF /Gm- /EHsc /MT /GS /Gy /fp:precise /Zc:wchar_t /Zc:forScope /Yc"StdAfx.h" /Fp".\Build\Release_u/DuiLib.pch" /Fo".\Build\Release_u\\" /Fd".\Build\Release_u\vc100.pdb" /Gd /TP /analyze- /errorReport:prompt StdAfx.cpp
         StdAfx.cpp
     1>d:\update\duilib\Control/UIFlash.h(11): warning C4192: 导入类型库“IServiceProvider”时自动排除“..\Utils/Flash11.tlb”
         C:\Program Files\Microsoft Visual Studio 10.0\VC\bin\CL.exe /c /Zi /nologo /W3 /WX- /O1 /Ob1 /Oy- /D WIN32 /D NDEBUG /D _WINDOWS /D UILIB_EXPORTS /D _VC80_UPGRADE=0x0600 /D _UNICODE /D UNICODE /GF /Gm- /EHsc /MT /GS /Gy /fp:precise /Zc:wchar_t /Zc:forScope /Yu"StdAfx.h" /Fp".\Build\Release_u/DuiLib.pch" /Fo".\Build\Release_u\\" /Fd".\Build\Release_u\vc100.pdb" /Gd /TP /analyze- /errorReport:prompt UIlib.cpp Utils\GifHandler.cpp Utils\WinImplBase.cpp Utils\UIDelegate.cpp Utils\Utils.cpp Core\UIBase.cpp Core\UIContainer.cpp Core\UIControl.cpp Core\UIDlgBuilder.cpp Core\UIManager.cpp Core\UIMarkup.cpp Core\UIRender.cpp Layout\UIChildLayout.cpp Layout\UIHorizontalLayout.cpp Layout\UITabLayout.cpp Layout\UITileLayout.cpp Layout\UIVerticalLayout.cpp Control\UIActiveX.cpp Control\UIButton.cpp Control\UICheckBox.cpp Control\UICombo.cpp Control\UIComboBox.cpp Control\UIDateTime.cpp Control\UIEdit.cpp Control\UIFlash.cpp Control\UILabel.cpp Control\UIList.cpp Control\UIOption.cpp Control\UIProgress.cpp Control\UIRichEdit.cpp Control\UIScrollBar.cpp Control\UISlider.cpp Control\UIText.cpp Control\UITreeView.cpp Control\UIWebBrowser.cpp
         UIlib.cpp
         GifHandler.cpp
         WinImplBase.cpp
         UIDelegate.cpp
         Utils.cpp
         UIBase.cpp
         UIContainer.cpp
         UIControl.cpp
         UIDlgBuilder.cpp
         UIManager.cpp
         UIMarkup.cpp
         UIRender.cpp
         UIChildLayout.cpp
         UIHorizontalLayout.cpp
         UITabLayout.cpp
         UITileLayout.cpp
         UIVerticalLayout.cpp
         UIActiveX.cpp
         UIButton.cpp
         UICheckBox.cpp
         正在生成代码...
         正在编译...
         UICombo.cpp
         UIComboBox.cpp
         UIDateTime.cpp
         UIEdit.cpp
         UIFlash.cpp
         UILabel.cpp
         UIList.cpp
         UIOption.cpp
         UIProgress.cpp
         UIRichEdit.cpp
         UIScrollBar.cpp
         UISlider.cpp
         UIText.cpp
         UITreeView.cpp
         UIWebBrowser.cpp
         正在生成代码...
         C:\Program Files\Microsoft Visual Studio 10.0\VC\bin\CL.exe /c /Zi /nologo /W3 /WX- /O1 /Ob1 /Oy- /D WIN32 /D NDEBUG /D _WINDOWS /D UILIB_EXPORTS /D _VC80_UPGRADE=0x0600 /D _UNICODE /D UNICODE /GF /Gm- /EHsc /MT /GS /Gy /fp:precise /Zc:wchar_t /Zc:forScope /Fo".\Build\Release_u\\" /Fd".\Build\Release_u\vc100.pdb" /Gd /TC /analyze- /errorReport:prompt Utils\stb_image.c
         stb_image.c
         C:\Program Files\Microsoft Visual Studio 10.0\VC\bin\CL.exe /c /Zi /nologo /W3 /WX- /O1 /Ob1 /Oy- /D WIN32 /D NDEBUG /D _WINDOWS /D UILIB_EXPORTS /D _VC80_UPGRADE=0x0600 /D _UNICODE /D UNICODE /GF /Gm- /EHsc /MT /GS /Gy /fp:precise /Zc:wchar_t /Zc:forScope /Fo".\Build\Release_u\\" /Fd".\Build\Release_u\vc100.pdb" /Gd /TP /analyze- /errorReport:prompt Utils\XUnzip.cpp
         XUnzip.cpp
       Lib:
         C:\Program Files\Microsoft Visual Studio 10.0\VC\bin\Lib.exe /OUT:"..\lib\DuiLib_su.lib" /NOLOGO .\Build\Release_u\StdAfx.obj
         .\Build\Release_u\UIlib.obj
         .\Build\Release_u\GifHandler.obj
         .\Build\Release_u\WinImplBase.obj
         .\Build\Release_u\stb_image.obj
         .\Build\Release_u\UIDelegate.obj
         .\Build\Release_u\Utils.obj
         .\Build\Release_u\XUnzip.obj
         .\Build\Release_u\UIBase.obj
         .\Build\Release_u\UIContainer.obj
         .\Build\Release_u\UIControl.obj
         .\Build\Release_u\UIDlgBuilder.obj
         .\Build\Release_u\UIManager.obj
         .\Build\Release_u\UIMarkup.obj
         .\Build\Release_u\UIRender.obj
         .\Build\Release_u\UIChildLayout.obj
         .\Build\Release_u\UIHorizontalLayout.obj
         .\Build\Release_u\UITabLayout.obj
         .\Build\Release_u\UITileLayout.obj
         .\Build\Release_u\UIVerticalLayout.obj
         .\Build\Release_u\UIActiveX.obj
         .\Build\Release_u\UIButton.obj
         .\Build\Release_u\UICheckBox.obj
         .\Build\Release_u\UICombo.obj
         .\Build\Release_u\UIComboBox.obj
         .\Build\Release_u\UIDateTime.obj
         .\Build\Release_u\UIEdit.obj
         .\Build\Release_u\UIFlash.obj
         .\Build\Release_u\UILabel.obj
         .\Build\Release_u\UIList.obj
         .\Build\Release_u\UIOption.obj
         .\Build\Release_u\UIProgress.obj
         .\Build\Release_u\UIRichEdit.obj
         .\Build\Release_u\UIScrollBar.obj
         .\Build\Release_u\UISlider.obj
         .\Build\Release_u\UIText.obj
         .\Build\Release_u\UITreeView.obj
         .\Build\Release_u\UIWebBrowser.obj
         DuiLib.vcxproj -> D:\Update\DuiLib\..\lib\DuiLib_su.lib
       FinalizeBuildStatus:
         正在删除文件“.\Build\Release_u\DuiLib.unsuccessfulbuild”。
         正在对“.\Build\Release_u\DuiLib.lastbuildstate”执行 Touch 任务。
     1>已完成生成项目“D:\Update\DuiLib\DuiLib.vcxproj”(build 个目标)的操作。

生成成功。

已用时间 00:00:10.08
